c:\users\pvlgu\desktop\mathsdll\calculator\debug\calculator.myform.resources
c:\users\pvlgu\desktop\mathsdll\calculator\debug\vc141.pdb
c:\users\pvlgu\desktop\mathsdll\calculator\debug\myform.obj
c:\users\pvlgu\desktop\mathsdll\calculator\debug\.netframework,version=v4.6.1.assemblyattributes.obj
c:\users\pvlgu\desktop\mathsdll\calculator\debug\.netframework,version=v4.6.1.assemblyattributes.asm
c:\users\pvlgu\desktop\mathsdll\debug\calculator.exe
c:\users\pvlgu\desktop\mathsdll\debug\calculator.pdb
c:\users\pvlgu\desktop\mathsdll\calculator\debug\calculator.vcxproj.generateresource.cache
c:\users\pvlgu\desktop\mathsdll\calculator\debug\calculator.vcxprojassemblyreference.cache
c:\users\pvlgu\desktop\mathsdll\calculator\debug\ui.obj
c:\users\pvlgu\desktop\mathsdll\calculator\debug\calculator.ui.resources
c:\users\pvlgu\desktop\mathsdll\calculator\debug\calculator.tlog\calculator.write.1u.tlog
c:\users\pvlgu\desktop\mathsdll\calculator\debug\calculator.tlog\cl.command.1.tlog
c:\users\pvlgu\desktop\mathsdll\calculator\debug\calculator.tlog\cl.read.1.tlog
c:\users\pvlgu\desktop\mathsdll\calculator\debug\calculator.tlog\cl.write.1.tlog
c:\users\pvlgu\desktop\mathsdll\calculator\debug\calculator.tlog\link.command.1.tlog
c:\users\pvlgu\desktop\mathsdll\calculator\debug\calculator.tlog\link.read.1.tlog
c:\users\pvlgu\desktop\mathsdll\calculator\debug\calculator.tlog\link.write.1.tlog
c:\users\pvlgu\desktop\mathsdll\calculator\debug\calculator.tlog\metagen.read.1.tlog
c:\users\pvlgu\desktop\mathsdll\calculator\debug\calculator.tlog\metagen.write.1.tlog
c:\users\pvlgu\desktop\mathsdll\calculator\debug\calculator.tlog\tzres.dll.bi
