c:\users\pvlgu\desktop\mathsdll\mathsdll\debug\mathsdll.pch
c:\users\pvlgu\desktop\mathsdll\mathsdll\debug\vc141.pdb
c:\users\pvlgu\desktop\mathsdll\mathsdll\debug\vc141.idb
c:\users\pvlgu\desktop\mathsdll\mathsdll\debug\stdafx.obj
c:\users\pvlgu\desktop\mathsdll\mathsdll\debug\dllmain.obj
c:\users\pvlgu\desktop\mathsdll\mathsdll\debug\mathsdll.obj
c:\users\pvlgu\desktop\mathsdll\debug\mathsdll.dll
c:\users\pvlgu\desktop\mathsdll\debug\mathsdll.ilk
c:\users\pvlgu\desktop\mathsdll\debug\mathsdll.pdb
c:\users\pvlgu\desktop\mathsdll\debug\mathsdll.lib
c:\users\pvlgu\desktop\mathsdll\debug\mathsdll.exp
c:\users\pvlgu\desktop\mathsdll\mathsdll\debug\mathsdll.vcxprojassemblyreference.cache
c:\users\pvlgu\desktop\mathsdll\mathsdll\debug\mathsdll.tlog\cl.command.1.tlog
c:\users\pvlgu\desktop\mathsdll\mathsdll\debug\mathsdll.tlog\cl.read.1.tlog
c:\users\pvlgu\desktop\mathsdll\mathsdll\debug\mathsdll.tlog\cl.write.1.tlog
c:\users\pvlgu\desktop\mathsdll\mathsdll\debug\mathsdll.tlog\link.1020.delete.1.tlog
c:\users\pvlgu\desktop\mathsdll\mathsdll\debug\mathsdll.tlog\link.7664.delete.1.tlog
c:\users\pvlgu\desktop\mathsdll\mathsdll\debug\mathsdll.tlog\link.788.delete.1.tlog
c:\users\pvlgu\desktop\mathsdll\mathsdll\debug\mathsdll.tlog\link.command.1.tlog
c:\users\pvlgu\desktop\mathsdll\mathsdll\debug\mathsdll.tlog\link.delete.1.tlog
c:\users\pvlgu\desktop\mathsdll\mathsdll\debug\mathsdll.tlog\link.read.1.tlog
c:\users\pvlgu\desktop\mathsdll\mathsdll\debug\mathsdll.tlog\link.write.1.tlog
c:\users\pvlgu\desktop\mathsdll\mathsdll\debug\mathsdll.tlog\mathsdll.write.1u.tlog
c:\users\pvlgu\desktop\mathsdll\mathsdll\debug\mathsdll.tlog\metagen.write.1.tlog
